# JRE version: OpenJDK Runtime Environment Temurin-21.0.8+9 (21.0.8+9) (build 21.0.8+9-LTS)
# Java VM: OpenJDK 64-Bit Server VM Temurin-21.0.8+9 (21.0.8+9-LTS, mixed mode, sharing, tiered, compressed oops, compressed class ptrs, parallel gc, windows-amd64)
GC Precious Log:
 CardTable entry size: 512
 CPUs: 20 total, 20 available
 Memory: 32439M
 Large Page Support: Disabled
 NUMA Support: Disabled
 Compressed Oops: Enabled (32-bit)
 Alignments: Space 512K, Generation 512K, Heap 2M
 Heap Min Capacity: 100M
 Heap Initial Capacity: 100M
 Heap Max Capacity: 2G
 Pre-touch: Disabled
 Parallel Workers: 15
Heap:
 PSYoungGen      total 6144K, used 3274K [0x00000000d5580000, 0x00000000d6280000, 0x0000000100000000)
  eden space 5120K, 44% used [0x00000000d5580000,0x00000000d57babe0,0x00000000d5a80000)
  from space 1024K, 96% used [0x00000000d5d80000,0x00000000d5e78010,0x00000000d5e80000)
  to   space 3072K, 0% used [0x00000000d5a80000,0x00000000d5a80000,0x00000000d5d80000)
 ParOldGen       total 96256K, used 95834K [0x0000000080000000, 0x0000000085e00000, 0x00000000d5580000)
  object space 96256K, 99% used [0x0000000080000000,0x0000000085d96868,0x0000000085e00000)
 Metaspace       used 68398K, committed 69952K, reserved 1114112K
  class space    used 7395K, committed 8064K, reserved 1048576K
GC Heap History (20 events):
Event: 958.118 GC heap before
{Heap before GC invocations=142 (full 3):
 PSYoungGen      total 8192K, used 7893K [0x00000000d5580000, 0x00000000d5e80000, 0x0000000100000000)
  eden space 7168K, 100% used [0x00000000d5580000,0x00000000d5c80000,0x00000000d5c80000)
  from space 1024K, 70% used [0x00000000d5d80000,0x00000000d5e357a8,0x00000000d5e80000)
  to   space 1024K, 0% used [0x00000000d5c80000,0x00000000d5c80000,0x00000000d5d80000)
 ParOldGen       total 91136K, used 90875K [0x0000000080000000, 0x0000000085900000, 0x00000000d5580000)
  object space 91136K, 99% used [0x0000000080000000,0x00000000858bef08,0x0000000085900000)
 Metaspace       used 68085K, committed 69632K, reserved 1114112K
  class space    used 7353K, committed 8000K, reserved 1048576K
}
Event: 958.119 GC heap after
{Heap after GC invocations=142 (full 3):
 PSYoungGen      total 8192K, used 591K [0x00000000d5580000, 0x00000000d5e80000, 0x0000000100000000)
  eden space 7168K, 0% used [0x00000000d5580000,0x00000000d5580000,0x00000000d5c80000)
  from space 1024K, 57% used [0x00000000d5c80000,0x00000000d5d13ee8,0x00000000d5d80000)
  to   space 1024K, 0% used [0x00000000d5d80000,0x00000000d5d80000,0x00000000d5e80000)
 ParOldGen       total 91648K, used 91364K [0x0000000080000000, 0x0000000085980000, 0x00000000d5580000)
  object space 91648K, 99% used [0x0000000080000000,0x00000000859392a0,0x0000000085980000)
 Metaspace       used 68085K, committed 69632K, reserved 1114112K
  class space    used 7353K, committed 8000K, reserved 1048576K
}
Event: 958.131 GC heap before
{Heap before GC invocations=143 (full 3):
 PSYoungGen      total 8192K, used 7759K [0x00000000d5580000, 0x00000000d5e80000, 0x0000000100000000)
  eden space 7168K, 100% used [0x00000000d5580000,0x00000000d5c80000,0x00000000d5c80000)
  from space 1024K, 57% used [0x00000000d5c80000,0x00000000d5d13ee8,0x00000000d5d80000)
  to   space 1024K, 0% used [0x00000000d5d80000,0x00000000d5d80000,0x00000000d5e80000)
 ParOldGen       total 91648K, used 91364K [0x0000000080000000, 0x0000000085980000, 0x00000000d5580000)
  object space 91648K, 99% used [0x0000000080000000,0x00000000859392a0,0x0000000085980000)
 Metaspace       used 68087K, committed 69632K, reserved 1114112K
  class space    used 7353K, committed 8000K, reserved 1048576K
}
Event: 958.132 GC heap after
{Heap after GC invocations=143 (full 3):
 PSYoungGen      total 8192K, used 607K [0x00000000d5580000, 0x00000000d5e80000, 0x0000000100000000)
  eden space 7168K, 0% used [0x00000000d5580000,0x00000000d5580000,0x00000000d5c80000)
  from space 1024K, 59% used [0x00000000d5d80000,0x00000000d5e17cb8,0x00000000d5e80000)
  to   space 1024K, 0% used [0x00000000d5c80000,0x00000000d5c80000,0x00000000d5d80000)
 ParOldGen       total 92160K, used 91726K [0x0000000080000000, 0x0000000085a00000, 0x00000000d5580000)
  object space 92160K, 99% used [0x0000000080000000,0x00000000859938f8,0x0000000085a00000)
 Metaspace       used 68087K, committed 69632K, reserved 1114112K
  class space    used 7353K, committed 8000K, reserved 1048576K
}
Event: 958.141 GC heap before
{Heap before GC invocations=144 (full 3):
 PSYoungGen      total 8192K, used 7775K [0x00000000d5580000, 0x00000000d5e80000, 0x0000000100000000)
  eden space 7168K, 100% used [0x00000000d5580000,0x00000000d5c80000,0x00000000d5c80000)
  from space 1024K, 59% used [0x00000000d5d80000,0x00000000d5e17cb8,0x00000000d5e80000)
  to   space 1024K, 0% used [0x00000000d5c80000,0x00000000d5c80000,0x00000000d5d80000)
 ParOldGen       total 92160K, used 91726K [0x0000000080000000, 0x0000000085a00000, 0x00000000d5580000)
  object space 92160K, 99% used [0x0000000080000000,0x00000000859938f8,0x0000000085a00000)
 Metaspace       used 68087K, committed 69632K, reserved 1114112K
  class space    used 7353K, committed 8000K, reserved 1048576K
}
Event: 958.142 GC heap after
{Heap after GC invocations=144 (full 3):
 PSYoungGen      total 8192K, used 599K [0x00000000d5580000, 0x00000000d5e80000, 0x0000000100000000)
  eden space 7168K, 0% used [0x00000000d5580000,0x00000000d5580000,0x00000000d5c80000)
  from space 1024K, 58% used [0x00000000d5c80000,0x00000000d5d15db0,0x00000000d5d80000)
  to   space 1024K, 0% used [0x00000000d5d80000,0x00000000d5d80000,0x00000000d5e80000)
 ParOldGen       total 92160K, used 92110K [0x0000000080000000, 0x0000000085a00000, 0x00000000d5580000)
  object space 92160K, 99% used [0x0000000080000000,0x00000000859f3bb0,0x0000000085a00000)
 Metaspace       used 68087K, committed 69632K, reserved 1114112K
  class space    used 7353K, committed 8000K, reserved 1048576K
}
Event: 958.151 GC heap before
{Heap before GC invocations=145 (full 3):
 PSYoungGen      total 8192K, used 7767K [0x00000000d5580000, 0x00000000d5e80000, 0x0000000100000000)
  eden space 7168K, 100% used [0x00000000d5580000,0x00000000d5c80000,0x00000000d5c80000)
  from space 1024K, 58% used [0x00000000d5c80000,0x00000000d5d15db0,0x00000000d5d80000)
  to   space 1024K, 0% used [0x00000000d5d80000,0x00000000d5d80000,0x00000000d5e80000)
 ParOldGen       total 92160K, used 92110K [0x0000000080000000, 0x0000000085a00000, 0x00000000d5580000)
  object space 92160K, 99% used [0x0000000080000000,0x00000000859f3bb0,0x0000000085a00000)
 Metaspace       used 68087K, committed 69632K, reserved 1114112K
  class space    used 7353K, committed 8000K, reserved 1048576K
}
Event: 958.152 GC heap after
{Heap after GC invocations=145 (full 3):
 PSYoungGen      total 8192K, used 769K [0x00000000d5580000, 0x00000000d5e80000, 0x0000000100000000)
  eden space 7168K, 0% used [0x00000000d5580000,0x00000000d5580000,0x00000000d5c80000)
  from space 1024K, 75% used [0x00000000d5d80000,0x00000000d5e405a0,0x00000000d5e80000)
  to   space 1024K, 0% used [0x00000000d5c80000,0x00000000d5c80000,0x00000000d5d80000)
 ParOldGen       total 92672K, used 92446K [0x0000000080000000, 0x0000000085a80000, 0x00000000d5580000)
  object space 92672K, 99% used [0x0000000080000000,0x0000000085a47a50,0x0000000085a80000)
 Metaspace       used 68087K, committed 69632K, reserved 1114112K
  class space    used 7353K, committed 8000K, reserved 1048576K
}
Event: 958.164 GC heap before
{Heap before GC invocations=146 (full 3):
 PSYoungGen      total 8192K, used 7937K [0x00000000d5580000, 0x00000000d5e80000, 0x0000000100000000)
  eden space 7168K, 100% used [0x00000000d5580000,0x00000000d5c80000,0x00000000d5c80000)
  from space 1024K, 75% used [0x00000000d5d80000,0x00000000d5e405a0,0x00000000d5e80000)
  to   space 1024K, 0% used [0x00000000d5c80000,0x00000000d5c80000,0x00000000d5d80000)
 ParOldGen       total 92672K, used 92446K [0x0000000080000000, 0x0000000085a80000, 0x00000000d5580000)
  object space 92672K, 99% used [0x0000000080000000,0x0000000085a47a50,0x0000000085a80000)
 Metaspace       used 68087K, committed 69632K, reserved 1114112K
  class space    used 7353K, committed 8000K, reserved 1048576K
}
Event: 958.165 GC heap after
{Heap after GC invocations=146 (full 3):
 PSYoungGen      total 8192K, used 512K [0x00000000d5580000, 0x00000000d5e80000, 0x0000000100000000)
  eden space 7168K, 0% used [0x00000000d5580000,0x00000000d5580000,0x00000000d5c80000)
  from space 1024K, 50% used [0x00000000d5c80000,0x00000000d5d00000,0x00000000d5d80000)
  to   space 1024K, 0% used [0x00000000d5d80000,0x00000000d5d80000,0x00000000d5e80000)
 ParOldGen       total 93184K, used 92943K [0x0000000080000000, 0x0000000085b00000, 0x00000000d5580000)
  object space 93184K, 99% used [0x0000000080000000,0x0000000085ac3ff0,0x0000000085b00000)
 Metaspace       used 68087K, committed 69632K, reserved 1114112K
  class space    used 7353K, committed 8000K, reserved 1048576K
}
Event: 958.179 GC heap before
{Heap before GC invocations=147 (full 3):
 PSYoungGen      total 8192K, used 7680K [0x00000000d5580000, 0x00000000d5e80000, 0x0000000100000000)
  eden space 7168K, 100% used [0x00000000d5580000,0x00000000d5c80000,0x00000000d5c80000)
  from space 1024K, 50% used [0x00000000d5c80000,0x00000000d5d00000,0x00000000d5d80000)
  to   space 1024K, 0% used [0x00000000d5d80000,0x00000000d5d80000,0x00000000d5e80000)
 ParOldGen       total 93184K, used 92943K [0x0000000080000000, 0x0000000085b00000, 0x00000000d5580000)
  object space 93184K, 99% used [0x0000000080000000,0x0000000085ac3ff0,0x0000000085b00000)
 Metaspace       used 68087K, committed 69632K, reserved 1114112K
  class space    used 7353K, committed 8000K, reserved 1048576K
}
Event: 958.180 GC heap after
{Heap after GC invocations=147 (full 3):
 PSYoungGen      total 8192K, used 612K [0x00000000d5580000, 0x00000000d5e80000, 0x0000000100000000)
  eden space 7168K, 0% used [0x00000000d5580000,0x00000000d5580000,0x00000000d5c80000)
  from space 1024K, 59% used [0x00000000d5d80000,0x00000000d5e19270,0x00000000d5e80000)
  to   space 1024K, 0% used [0x00000000d5c80000,0x00000000d5c80000,0x00000000d5d80000)
 ParOldGen       total 93696K, used 93223K [0x0000000080000000, 0x0000000085b80000, 0x00000000d5580000)
  object space 93696K, 99% used [0x0000000080000000,0x0000000085b09ed8,0x0000000085b80000)
 Metaspace       used 68087K, committed 69632K, reserved 1114112K
  class space    used 7353K, committed 8000K, reserved 1048576K
}
Event: 958.192 GC heap before
{Heap before GC invocations=148 (full 3):
 PSYoungGen      total 8192K, used 7780K [0x00000000d5580000, 0x00000000d5e80000, 0x0000000100000000)
  eden space 7168K, 99% used [0x00000000d5580000,0x00000000d5c7ffe8,0x00000000d5c80000)
  from space 1024K, 59% used [0x00000000d5d80000,0x00000000d5e19270,0x00000000d5e80000)
  to   space 1024K, 0% used [0x00000000d5c80000,0x00000000d5c80000,0x00000000d5d80000)
 ParOldGen       total 93696K, used 93223K [0x0000000080000000, 0x0000000085b80000, 0x00000000d5580000)
  object space 93696K, 99% used [0x0000000080000000,0x0000000085b09ed8,0x0000000085b80000)
 Metaspace       used 68087K, committed 69632K, reserved 1114112K
  class space    used 7353K, committed 8000K, reserved 1048576K
}
Event: 958.193 GC heap after
{Heap after GC invocations=148 (full 3):
 PSYoungGen      total 8192K, used 738K [0x00000000d5580000, 0x00000000d5e80000, 0x0000000100000000)
  eden space 7168K, 0% used [0x00000000d5580000,0x00000000d5580000,0x00000000d5c80000)
  from space 1024K, 72% used [0x00000000d5c80000,0x00000000d5d38b50,0x00000000d5d80000)
  to   space 1024K, 0% used [0x00000000d5d80000,0x00000000d5d80000,0x00000000d5e80000)
 ParOldGen       total 93696K, used 93579K [0x0000000080000000, 0x0000000085b80000, 0x00000000d5580000)
  object space 93696K, 99% used [0x0000000080000000,0x0000000085b62e80,0x0000000085b80000)
 Metaspace       used 68087K, committed 69632K, reserved 1114112K
  class space    used 7353K, committed 8000K, reserved 1048576K
}
Event: 958.204 GC heap before
{Heap before GC invocations=149 (full 3):
 PSYoungGen      total 8192K, used 7906K [0x00000000d5580000, 0x00000000d5e80000, 0x0000000100000000)
  eden space 7168K, 100% used [0x00000000d5580000,0x00000000d5c80000,0x00000000d5c80000)
  from space 1024K, 72% used [0x00000000d5c80000,0x00000000d5d38b50,0x00000000d5d80000)
  to   space 1024K, 0% used [0x00000000d5d80000,0x00000000d5d80000,0x00000000d5e80000)
 ParOldGen       total 93696K, used 93579K [0x0000000080000000, 0x0000000085b80000, 0x00000000d5580000)
  object space 93696K, 99% used [0x0000000080000000,0x0000000085b62e80,0x0000000085b80000)
 Metaspace       used 68087K, committed 69632K, reserved 1114112K
  class space    used 7353K, committed 8000K, reserved 1048576K
}
Event: 958.205 GC heap after
{Heap after GC invocations=149 (full 3):
 PSYoungGen      total 8192K, used 610K [0x00000000d5580000, 0x00000000d5e80000, 0x0000000100000000)
  eden space 7168K, 0% used [0x00000000d5580000,0x00000000d5580000,0x00000000d5c80000)
  from space 1024K, 59% used [0x00000000d5d80000,0x00000000d5e18b60,0x00000000d5e80000)
  to   space 1024K, 0% used [0x00000000d5c80000,0x00000000d5c80000,0x00000000d5d80000)
 ParOldGen       total 94208K, used 94033K [0x0000000080000000, 0x0000000085c00000, 0x00000000d5580000)
  object space 94208K, 99% used [0x0000000080000000,0x0000000085bd44a8,0x0000000085c00000)
 Metaspace       used 68087K, committed 69632K, reserved 1114112K
  class space    used 7353K, committed 8000K, reserved 1048576K
}
Event: 958.221 GC heap before
{Heap before GC invocations=150 (full 3):
 PSYoungGen      total 8192K, used 7778K [0x00000000d5580000, 0x00000000d5e80000, 0x0000000100000000)
  eden space 7168K, 100% used [0x00000000d5580000,0x00000000d5c80000,0x00000000d5c80000)
  from space 1024K, 59% used [0x00000000d5d80000,0x00000000d5e18b60,0x00000000d5e80000)
  to   space 1024K, 0% used [0x00000000d5c80000,0x00000000d5c80000,0x00000000d5d80000)
 ParOldGen       total 94208K, used 94033K [0x0000000080000000, 0x0000000085c00000, 0x00000000d5580000)
  object space 94208K, 99% used [0x0000000080000000,0x0000000085bd44a8,0x0000000085c00000)
 Metaspace       used 68087K, committed 69632K, reserved 1114112K
  class space    used 7353K, committed 8000K, reserved 1048576K
}
Event: 958.222 GC heap after
{Heap after GC invocations=150 (full 3):
 PSYoungGen      total 8192K, used 655K [0x00000000d5580000, 0x00000000d5e80000, 0x0000000100000000)
  eden space 7168K, 0% used [0x00000000d5580000,0x00000000d5580000,0x00000000d5c80000)
  from space 1024K, 63% used [0x00000000d5c80000,0x00000000d5d23cd8,0x00000000d5d80000)
  to   space 1024K, 0% used [0x00000000d5d80000,0x00000000d5d80000,0x00000000d5e80000)
 ParOldGen       total 94720K, used 94393K [0x0000000080000000, 0x0000000085c80000, 0x00000000d5580000)
  object space 94720K, 99% used [0x0000000080000000,0x0000000085c2e520,0x0000000085c80000)
 Metaspace       used 68087K, committed 69632K, reserved 1114112K
  class space    used 7353K, committed 8000K, reserved 1048576K
}
Event: 958.284 GC heap before
{Heap before GC invocations=151 (full 3):
 PSYoungGen      total 8192K, used 7823K [0x00000000d5580000, 0x00000000d5e80000, 0x0000000100000000)
  eden space 7168K, 100% used [0x00000000d5580000,0x00000000d5c80000,0x00000000d5c80000)
  from space 1024K, 63% used [0x00000000d5c80000,0x00000000d5d23cd8,0x00000000d5d80000)
  to   space 1024K, 0% used [0x00000000d5d80000,0x00000000d5d80000,0x00000000d5e80000)
 ParOldGen       total 94720K, used 94393K [0x0000000080000000, 0x0000000085c80000, 0x00000000d5580000)
  object space 94720K, 99% used [0x0000000080000000,0x0000000085c2e520,0x0000000085c80000)
 Metaspace       used 68244K, committed 69824K, reserved 1114112K
  class space    used 7383K, committed 8064K, reserved 1048576K
}
Event: 958.286 GC heap after
{Heap after GC invocations=151 (full 3):
 PSYoungGen      total 6144K, used 992K [0x00000000d5580000, 0x00000000d6280000, 0x0000000100000000)
  eden space 5120K, 0% used [0x00000000d5580000,0x00000000d5580000,0x00000000d5a80000)
  from space 1024K, 96% used [0x00000000d5d80000,0x00000000d5e78010,0x00000000d5e80000)
  to   space 3072K, 0% used [0x00000000d5a80000,0x00000000d5a80000,0x00000000d5d80000)
 ParOldGen       total 96256K, used 95834K [0x0000000080000000, 0x0000000085e00000, 0x00000000d5580000)
  object space 96256K, 99% used [0x0000000080000000,0x0000000085d96868,0x0000000085e00000)
 Metaspace       used 68244K, committed 69824K, reserved 1114112K
  class space    used 7383K, committed 8064K, reserved 1048576K
}

